<?xml version="1.0" encoding="UTF-8"?>
<!-- Generated by org.testng.reporters.JUnitXMLReporter -->
<testsuite ignored="1" hostname="vaishnavi" failures="0" tests="2" name="Test" time="12.516" errors="0" timestamp="2023-12-04T11:02:11 IST">
  <testcase classname="basic.execution" name="swiggy" time="7.758"/>
  <testcase classname="basic.execution" name="zomato" time="4.684"/>
  <testcase classname="basic.execution" name="fb" time="0.0">
    <ignored/>
  </testcase> <!-- fb -->
</testsuite> <!-- Test -->
