<?xml version="1.0" encoding="UTF-8"?>
<testng-results ignored="0" total="1" passed="1" failed="0" skipped="0">
  <reporter-output>
  </reporter-output>
  <suite started-at="2023-12-02T10:12:11 IST" name="Default suite" finished-at="2023-12-02T10:12:19 IST" duration-ms="8019">
    <groups>
    </groups>
    <test started-at="2023-12-02T10:12:11 IST" name="Default test" finished-at="2023-12-02T10:12:19 IST" duration-ms="8019">
      <class name="framework.test1">
        <test-method signature="facebook()[pri:0, instance:framework.test1@74f0ea28]" started-at="2023-12-02T10:12:11 IST" name="facebook" finished-at="2023-12-02T10:12:19 IST" duration-ms="7884" status="PASS">
          <reporter-output>
          </reporter-output>
        </test-method> <!-- facebook -->
      </class> <!-- framework.test1 -->
    </test> <!-- Default test -->
  </suite> <!-- Default suite -->
</testng-results>
