<?xml version="1.0" encoding="UTF-8"?>
<testng-results ignored="0" total="1" passed="1" failed="0" skipped="0">
  <reporter-output>
  </reporter-output>
  <suite started-at="2023-12-05T09:56:30 IST" name="Default suite" finished-at="2023-12-05T09:56:47 IST" duration-ms="16583">
    <groups>
    </groups>
    <test started-at="2023-12-05T09:56:30 IST" name="Default test" finished-at="2023-12-05T09:56:47 IST" duration-ms="16583">
      <class name="basic.readdataexelTest">
        <test-method signature="mvnTest()[pri:0, instance:basic.readdataexelTest@49e53c76]" started-at="2023-12-05T09:56:30 IST" name="mvnTest" finished-at="2023-12-05T09:56:47 IST" duration-ms="16411" status="PASS">
          <reporter-output>
          </reporter-output>
        </test-method> <!-- mvnTest -->
      </class> <!-- basic.readdataexelTest -->
    </test> <!-- Default test -->
  </suite> <!-- Default suite -->
</testng-results>
